<?xml version="1.0" encoding="UTF-8"?>
<testng-results skipped="0" failed="0" ignored="0" total="3" passed="3">
  <reporter-output>
  </reporter-output>
  <suite name="Default suite" duration-ms="20742" started-at="2020-10-22T20:02:10Z" finished-at="2020-10-22T20:02:31Z">
    <groups>
    </groups>
    <test name="Default test" duration-ms="20742" started-at="2020-10-22T20:02:10Z" finished-at="2020-10-22T20:02:31Z">
      <class name="Data">
        <test-method status="PASS" signature="f(java.lang.String)[pri:0, instance:Data@96251eee]" name="f" duration-ms="6710" started-at="2020-10-22T20:02:10Z" data-provider="dp" finished-at="2020-10-22T20:02:17Z">
          <params>
            <param index="0">
              <value>
                <![CDATA[Selenium]]>
              </value>
            </param>
          </params>
          <reporter-output>
          </reporter-output>
        </test-method> <!-- f -->
        <test-method status="PASS" signature="f(java.lang.String)[pri:0, instance:Data@96251eee]" name="f" duration-ms="5883" started-at="2020-10-22T20:02:17Z" data-provider="dp" finished-at="2020-10-22T20:02:22Z">
          <params>
            <param index="0">
              <value>
                <![CDATA[Java]]>
              </value>
            </param>
          </params>
          <reporter-output>
          </reporter-output>
        </test-method> <!-- f -->
        <test-method status="PASS" signature="f(java.lang.String)[pri:0, instance:Data@96251eee]" name="f" duration-ms="8117" started-at="2020-10-22T20:02:22Z" data-provider="dp" finished-at="2020-10-22T20:02:31Z">
          <params>
            <param index="0">
              <value>
                <![CDATA[Rest Assured]]>
              </value>
            </param>
          </params>
          <reporter-output>
          </reporter-output>
        </test-method> <!-- f -->
      </class> <!-- Data -->
    </test> <!-- Default test -->
  </suite> <!-- Default suite -->
</testng-results>
